#
# A fatal error has been detected by the Java Runtime Environment:
#
#  EXCEPTION_ACCESS_VIOLATION (0xc0000005) at pc=0x00007ffe4e7326c4, pid=20500, tid=12604
#
# JRE version: Java(TM) SE Runtime Environment (24.0.1+9) (build 24.0.1+9-30)
# Java VM: Java HotSpot(TM) 64-Bit Server VM (24.0.1+9-30, mixed mode, emulated-client, sharing, tiered, compressed oops, compressed class ptrs, g1 gc, windows-amd64)
# Problematic frame:
# C  [libasyncProfiler.dll+0x926c4]
#
# No core dump will be written. Minidumps are not enabled by default on client versions of Windows
#
# JFR recording file will be written. Location: C:\Users\User\IdeaProjects\Jobportal\hs_err_pid20500.jfr
#
# If you would like to submit a bug report, please visit:
#   https://bugreport.java.com/bugreport/crash.jsp
# The crash happened outside the Java Virtual Machine in native code.
# See problematic frame for where to report the bug.
#

---------------  S U M M A R Y ------------

Command Line: -XX:TieredStopAtLevel=1 -Dspring.output.ansi.enabled=always -Dcom.sun.management.jmxremote -Dspring.jmx.enabled=true -Dspring.liveBeansView.mbeanDomain -Dspring.application.admin.enabled=true -Dmanagement.endpoints.jmx.exposure.include=* -javaagent:C:\Program Files\JetBrains\IntelliJ IDEA 2025.1.2\lib\idea_rt.jar=52144 -Dfile.encoding=UTF-8 -Dsun.stdout.encoding=UTF-8 -Dsun.stderr.encoding=UTF-8 com.example.jobportal.JobportalApplication

Host: Intel(R) Core(TM) i3-8145U CPU @ 2.10GHz, 4 cores, 11G,  Windows 11 , 64 bit Build 22621 (10.0.22621.5415)
Time: Sat Jul 12 14:14:45 2025 India Standard Time elapsed time: 251.148346 seconds (0d 0h 4m 11s)

---------------  T H R E A D  ---------------

Current thread (0x0000023a47470a40):  JavaThread "Attach Listener" daemon [_thread_in_native, id=12604, stack(0x00000089d0a00000,0x00000089d0b00000) (1024K)]

Stack: [0x00000089d0a00000,0x00000089d0b00000],  sp=0x00000089d0aff0f0,  free space=1020k
Native frames: (J=compiled Java code, j=interpreted, Vv=VM code, C=native code)
C  [libasyncProfiler.dll+0x926c4]  (no source info available)
C  [libasyncProfiler.dll+0x92b9b]  (no source info available)
C  [libasyncProfiler.dll+0x917f4]  (no source info available)
C  [libasyncProfiler.dll+0x9206a]  (no source info available)
C  [libasyncProfiler.dll+0x8cc21]  (no source info available)
C  [libasyncProfiler.dll+0x7e5e1]  (no source info available)
C  [libasyncProfiler.dll+0x7d2f8]  (no source info available)
C  [libasyncProfiler.dll+0x7d1e0]  (no source info available)
C  [libasyncProfiler.dll+0x841b9]  (no source info available)
V  [jvm.dll+0x57eff7]  (no source info available)
V  [jvm.dll+0x57fdac]  (no source info available)
V  [jvm.dll+0x14ca17]  (no source info available)
V  [jvm.dll+0x14dfe1]  (no source info available)
V  [jvm.dll+0x42f456]  (no source info available)
V  [jvm.dll+0x87d76b]  (no source info available)
V  [jvm.dll+0x72ee55]  (no source info available)
C  [ucrtbase.dll+0x29333]  (no source info available)
C  [KERNEL32.DLL+0x1259d]  (no source info available)
C  [ntdll.dll+0x5af78]  (no source info available)


siginfo: EXCEPTION_ACCESS_VIOLATION (0xc0000005), reading address 0xffffffffffffffff


Registers:
RAX=0x0000000000000010, RBX=0x0000000000000000, RCX=0xffffffffffffffff, RDX=0x007ffe4965301010
RSP=0x00000089d0aff0f0, RBP=0x0000023a8ec784f8, RSI=0x00000089d0aff260, RDI=0x0000023a8ec784f8
R8 =0x0000000000000042, R9 =0x0000000742200000, R10=0x00007ffe498c9fb0, R11=0x0000000000000026
R12=0x00000089d0aff260, R13=0x0000023a8d1db2e0, R14=0x0000023a47470e08, R15=0x0000023a47470e08
RIP=0x00007ffe4e7326c4, EFLAGS=0x0000000000010202

XMM[0]=0x0000000000000000 0x0000000000000000
XMM[1]=0x0000000000000000 0x0000000000000000
XMM[2]=0x0000000000000000 0x0000000000000000
XMM[3]=0x0000000000000000 0x0000000000000000
XMM[4]=0x0000000000000000 0x0000000000000000
XMM[5]=0x0000000000000000 0x0000000000000000
XMM[6]=0x0000000000000000 0x0000000000000000
XMM[7]=0x0000000000000000 0x0000000000000000
XMM[8]=0x0000000000000000 0x0000000000000000
XMM[9]=0x0000000000000000 0x0000000000000000
XMM[10]=0x0000000000000000 0x0000000000000000
XMM[11]=0x0000000000000000 0x0000000000000000
XMM[12]=0x0000000000000000 0x0000000000000000
XMM[13]=0x0000000000000000 0x0000000000000000
XMM[14]=0x0000000000000000 0x0000000000000000
XMM[15]=0x0000000000000000 0x0000000000000000
  MXCSR=0x00001fa0


Register to memory mapping:

RAX=0x0000000000000010 is an unknown value
RBX=0x0 is null
RCX=0xffffffffffffffff is an unknown value
RDX=0x007ffe4965301010 is an unknown value
RSP=0x00000089d0aff0f0 is pointing into the stack for thread: 0x0000023a47470a40
RBP=0x0000023a8ec784f8 points into unknown readable memory: 0x0000000742200000 | 00 00 20 42 07 00 00 00
RSI=0x00000089d0aff260 is pointing into the stack for thread: 0x0000023a47470a40
RDI=0x0000023a8ec784f8 points into unknown readable memory: 0x0000000742200000 | 00 00 20 42 07 00 00 00
R8 =0x0000000000000042 is an unknown value
R9 =0x0000000742200000 is an oop: java.lang.ref.Reference$ReferenceHandler 
{0x0000000742200000} - klass: 'java/lang/ref/Reference$ReferenceHandler' - flags: 

 - ---- fields (total size 14 words):
 - 'threadLocalRandomProbe' 'I' @12  0 (0x00000000)
 - private volatile 'eetop' 'J' @16  2449327169488 (0x0000023a47469fd0)
 - private final 'tid' 'J' @24  13 (0x000000000000000d)
 - 'threadLocalRandomSeed' 'J' @32  0 (0x0000000000000000)
 - injected 'jvmti_thread_state' 'J' @40  2449327761504 (0x0000023a474fa860)
 - 'threadLocalRandomSecondarySeed' 'I' @48  0 (0x00000000)
 - injected 'jvmti_VTMS_transition_disable_count' 'I' @52  0 (0x00000000)
 - injected 'jfr_epoch' 'S' @56  0 (0x0000)
 - volatile 'interrupted' 'Z' @58  false (0x00)
 - injected 'jvmti_is_in_VTMS_transition' 'Z' @59  false (0x00)
 - private volatile 'name' 'Ljava/lang/String;' @60  "Reference Handler"{0x0000000742b68178} (0xe856d02f)
 - private volatile 'contextClassLoader' 'Ljava/lang/ClassLoader;' @64  null (0x00000000)
 - private final 'holder' 'Ljava/lang/Thread$FieldHolder;' @68  a 'java/lang/Thread$FieldHolder'{0x0000000743522dc8} (0xe86a45b9)
 - 'threadLocals' 'Ljava/lang/ThreadLocal$ThreadLocalMap;' @72  null (0x00000000)
 - 'inheritableThreadLocals' 'Ljava/lang/ThreadLocal$ThreadLocalMap;' @76  null (0x00000000)
 - private 'scopedValueBindings' 'Ljava/lang/Object;' @80  a 'java/lang/Class'{0x0000000742bb5508} = 'java/lang/Thread' (0xe8576aa1)
 - final 'interruptLock' 'Ljava/lang/Object;' @84  a 'java/lang/Object'{0x0000000743522db8} (0xe86a45b7)
 - private volatile 'parkBlocker' 'Ljava/lang/Object;' @88  null (0x00000000)
 - private 'nioBlocker' 'Lsun/nio/ch/Interruptible;' @92  null (0x00000000)
 - private 'cont' 'Ljdk/internal/vm/Continuation;' @96  null (0x00000000)
 - private volatile 'uncaughtExceptionHandler' 'Ljava/lang/Thread$UncaughtExceptionHandler;' @100  null (0x00000000)
 - private 'container' 'Ljdk/internal/vm/ThreadContainer;' @104  null (0x00000000)
 - private volatile 'headStackableScopes' 'Ljdk/internal/vm/StackableScope;' @108  null (0x00000000)
R10=0x00007ffe498c9fb0 jvm.dll
R11=0x0000000000000026 is an unknown value
R12=0x00000089d0aff260 is pointing into the stack for thread: 0x0000023a47470a40
R13=0x0000023a8d1db2e0 points into unknown readable memory: 0x00007ffe4983a510 | 10 a5 83 49 fe 7f 00 00
R14=0x0000023a47470e08 points into unknown readable memory: 0x00007ffe498317b0 | b0 17 83 49 fe 7f 00 00
R15=0x0000023a47470e08 points into unknown readable memory: 0x00007ffe498317b0 | b0 17 83 49 fe 7f 00 00

Top of Stack: (sp=0x00000089d0aff0f0)
0x00000089d0aff0f0:   00000089d0aff260 0000023a8ec784f8   `...........:...
0x00000089d0aff100:   0000000000000000 0000023a47471190   ..........GG:...
0x00000089d0aff110:   000000000000002d 00007ffe4e732b9b   -........+sN....
0x00000089d0aff120:   0000000000000000 0000023a47470e08   ..........GG:...
0x00000089d0aff130:   00000089d0aff201 0000000000000000   ................
0x00000089d0aff140:   0000023a8ee30df0 00007ffe4e7317f4   ....:.....sN....
0x00000089d0aff150:   0000000000000000 000000000000002d   ........-.......
0x00000089d0aff160:   0000000000000000 000000000000002d   ........-.......
0x00000089d0aff170:   0000001e913a6040 0000023a8ee7f160   @`:.....`...:...
0x00000089d0aff180:   0000023a8ee30df0 0000023a8ee30ea4   ....:.......:...
0x00000089d0aff190:   0000023a8ee30eec 0000000000001da4   ....:...........
0x00000089d0aff1a0:   0000000000000000 0000000000000000   ................
0x00000089d0aff1b0:   0000000000000000 00007ffe490957d4   .........W.I....
0x00000089d0aff1c0:   00007ffe4e874ca0 0000000000005014   .L.N.....P......
0x00000089d0aff1d0:   00007ffe4e874ca0 00000000ffffffff   .L.N............
0x00000089d0aff1e0:   0000000000000000 00007ffe4e73206a   ........j sN....
0x00000089d0aff1f0:   0000023a47470e08 0000000000000000   ..GG:...........
0x00000089d0aff200:   00000089d0aff269 0000023a8d1db2e0   i...........:...
0x00000089d0aff210:   0000000000000003 0000000000000048   ........H.......
0x00000089d0aff220:   0000000800800310 0000000000000020   ........ .......
0x00000089d0aff230:   0000023a47470e08 00007ffe4e874ca0   ..GG:....L.N....
0x00000089d0aff240:   0000023a47476c90 0000023a474fa860   .lGG:...`.OG:...
0x00000089d0aff250:   0000000800800390 0000023a47470e08   ..........GG:...
0x00000089d0aff260:   0000023a8f799ed0 0000023a8f79a470   ..y.:...p.y.:...
0x00000089d0aff270:   0000023a8f79a470 00007ffe4e874ca0   p.y.:....L.N....
0x00000089d0aff280:   0000023a8ee900d0 0000023a33a20000   ....:......3:...
0x00000089d0aff290:   00000089d0aff530 0000000000008840   0.......@.......
0x00000089d0aff2a0:   00000089d0aff710 00007ffe4e874cf0   .........L.N....
0x00000089d0aff2b0:   0000000000989680 0000000000989680   ................
0x00000089d0aff2c0:   00000089d0aff3d0 00007ffe4e72cc21   ........!.rN....
0x00000089d0aff2d0:   00007ffe4e874ca0 00007ffe4e874cf8   .L.N.....L.N....
0x00000089d0aff2e0:   00007ffe00000000 00007ffe00000001   ................

Instructions: (pc=0x00007ffe4e7326c4)
  0x00007ffe4e7325c4:   cc cc cc cc cc cc cc cc cc cc cc cc cc cc cc cc
  0x00007ffe4e7325d4:   cc cc cc cc cc cc cc cc cc cc cc cc cc cc cc cc
  0x00007ffe4e7325e4:   cc cc cc cc cc cc cc cc cc cc cc cc cc cc cc cc
  0x00007ffe4e7325f4:   cc cc cc cc cc cc cc cc cc cc cc cc cc cc cc cc
  0x00007ffe4e732604:   cc cc cc cc cc cc cc cc cc cc cc cc cc cc cc cc
  0x00007ffe4e732614:   cc cc cc cc cc cc cc cc cc cc cc cc cc cc cc cc
  0x00007ffe4e732624:   cc cc cc cc cc cc cc cc cc cc cc cc cc cc cc cc
  0x00007ffe4e732634:   cc cc cc cc cc cc cc cc cc cc cc cc cc cc cc cc
  0x00007ffe4e732644:   cc cc cc cc cc cc cc cc cc cc cc cc 40 57 48 83
  0x00007ffe4e732654:   ec 20 48 8b f9 48 8b 0d 10 28 14 00 48 85 c9 74
  0x00007ffe4e732664:   20 48 8b 01 48 8d 54 24 38 41 b8 06 00 01 00 4c
  0x00007ffe4e732674:   8b 48 30 41 ff d1 85 c0 75 07 48 8b 4c 24 38 eb
  0x00007ffe4e732684:   02 33 c9 4c 8b 05 ea 28 14 00 48 89 5c 24 30 4d
  0x00007ffe4e732694:   85 c0 74 4a 48 8b 01 48 8b d7 4c 8b 88 28 03 00
  0x00007ffe4e7326a4:   00 41 ff d1 48 85 c0 74 35 48 63 0d f8 e6 13 00
  0x00007ffe4e7326b4:   48 8b 14 01 48 85 d2 74 15 48 63 05 fc e6 13 00
=>0x00007ffe4e7326c4:   8b 04 10 48 8b 5c 24 30 48 83 c4 20 5f c3 b8 ff
  0x00007ffe4e7326d4:   ff ff ff 48 8b 5c 24 30 48 83 c4 20 5f c3 80 3d
  0x00007ffe4e7326e4:   9b 27 14 00 00 bb ff ff ff ff 74 20 4c 8b 0d 31
  0x00007ffe4e7326f4:   24 14 00 4c 8d 44 24 38 48 8b 0d 15 24 14 00 48
  0x00007ffe4e732704:   8b d7 41 ff d1 85 c0 0f 44 5c 24 38 8b c3 48 8b
  0x00007ffe4e732714:   5c 24 30 48 83 c4 20 5f c3 cc cc cc cc cc cc cc
  0x00007ffe4e732724:   cc cc cc cc cc cc cc cc cc cc cc cc cc cc cc cc
  0x00007ffe4e732734:   cc cc cc cc cc cc cc cc cc cc cc cc cc cc cc cc
  0x00007ffe4e732744:   cc cc cc cc cc cc cc cc cc cc cc cc 48 89 54 24
  0x00007ffe4e732754:   10 53 55 56 57 41 56 41 57 48 83 ec 28 48 8b f2
  0x00007ffe4e732764:   4c 8b f1 48 89 4c 24 78 45 33 ff 44 89 7c 24 68
  0x00007ffe4e732774:   c7 44 24 60 01 00 00 00 48 8d 4c 24 68 e8 ed 42
  0x00007ffe4e732784:   f7 ff 8b d8 48 8d 4c 24 60 e8 e1 42 f7 ff 8b e8
  0x00007ffe4e732794:   49 8b ce e8 00 fc f6 ff 48 8b f8 90 8b c3 f0 0f
  0x00007ffe4e7327a4:   b1 2f 74 04 f3 90 eb f4 4c 89 3e 4c 89 7e 08 4c
  0x00007ffe4e7327b4:   89 7e 10 49 8b 6e 08 4d 8b 76 10 49 3b ee 0f 84


Stack slot to memory mapping:

stack at sp + 0 slots: 0x00000089d0aff260 is pointing into the stack for thread: 0x0000023a47470a40
stack at sp + 1 slots: 0x0000023a8ec784f8 points into unknown readable memory: 0x0000000742200000 | 00 00 20 42 07 00 00 00
stack at sp + 2 slots: 0x0 is null
stack at sp + 3 slots: 0x0000023a47471190 points into unknown readable memory: 0x6e616c2e6176616a | 6a 61 76 61 2e 6c 61 6e
stack at sp + 4 slots: 0x000000000000002d is an unknown value
stack at sp + 5 slots: 0x00007ffe4e732b9b libasyncProfiler.dll
stack at sp + 6 slots: 0x0 is null
stack at sp + 7 slots: 0x0000023a47470e08 points into unknown readable memory: 0x00007ffe498317b0 | b0 17 83 49 fe 7f 00 00

Lock stack of current Java thread (top to bottom):


---------------  P R O C E S S  ---------------

Threads class SMR info:
_java_thread_list=0x0000023a8ee17ab0, length=34, elements={
0x0000023a47469fd0, 0x0000023a4746b140, 0x0000023a4746fcb0, 0x0000023a47470a40,
0x0000023a474717f0, 0x0000023a47477340, 0x0000023a47478280, 0x0000023a4759c060,
0x0000023a478ca090, 0x0000023a478cabe0, 0x0000023a8d5e58e0, 0x0000023a8d637860,
0x0000023a8d63e760, 0x0000023a8d72f220, 0x0000023a8d854720, 0x0000023a8e247ed0,
0x0000023a8e249c10, 0x0000023a8e24aab0, 0x0000023a8e24b950, 0x0000023a8e24c0a0,
0x0000023a8e24c7f0, 0x0000023a8e24cf40, 0x0000023a8e247780, 0x0000023a8e2468e0,
0x0000023a8e247030, 0x0000023a8e248620, 0x0000023a8e24a360, 0x0000023a8e24d690,
0x0000023a8e24dde0, 0x0000023a8e248d70, 0x0000023a8e2494c0, 0x0000023a8edb3690,
0x0000023a8f787f70, 0x0000023a8edb27f0
}

Java Threads: ( => current thread )
  0x0000023a47469fd0 JavaThread "Reference Handler"          daemon [_thread_blocked, id=19168, stack(0x00000089d0700000,0x00000089d0800000) (1024K)]
  0x0000023a4746b140 JavaThread "Finalizer"                  daemon [_thread_blocked, id=12192, stack(0x00000089d0800000,0x00000089d0900000) (1024K)]
  0x0000023a4746fcb0 JavaThread "Signal Dispatcher"          daemon [_thread_blocked, id=20544, stack(0x00000089d0900000,0x00000089d0a00000) (1024K)]
=>0x0000023a47470a40 JavaThread "Attach Listener"            daemon [_thread_in_native, id=12604, stack(0x00000089d0a00000,0x00000089d0b00000) (1024K)]
  0x0000023a474717f0 JavaThread "Service Thread"             daemon [_thread_blocked, id=13240, stack(0x00000089d0b00000,0x00000089d0c00000) (1024K)]
  0x0000023a47477340 JavaThread "Monitor Deflation Thread"   daemon [_thread_blocked, id=18168, stack(0x00000089d0c00000,0x00000089d0d00000) (1024K)]
  0x0000023a47478280 JavaThread "C1 CompilerThread0"         daemon [_thread_blocked, id=15044, stack(0x00000089d0d00000,0x00000089d0e00000) (1024K)]
  0x0000023a4759c060 JavaThread "Common-Cleaner"             daemon [_thread_blocked, id=16360, stack(0x00000089d0f00000,0x00000089d1000000) (1024K)]
  0x0000023a478ca090 JavaThread "Monitor Ctrl-Break"         daemon [_thread_in_native, id=15860, stack(0x00000089d1100000,0x00000089d1200000) (1024K)]
  0x0000023a478cabe0 JavaThread "Notification Thread"        daemon [_thread_blocked, id=10868, stack(0x00000089d1200000,0x00000089d1300000) (1024K)]
  0x0000023a8d5e58e0 JavaThread "RMI TCP Accept-0"           daemon [_thread_in_native, id=19936, stack(0x00000089d1300000,0x00000089d1400000) (1024K)]
  0x0000023a8d637860 JavaThread "RMI Scheduler(0)"           daemon [_thread_blocked, id=15372, stack(0x00000089d1500000,0x00000089d1600000) (1024K)]
  0x0000023a8d63e760 JavaThread "JMX server connection timeout 29" daemon [_thread_blocked, id=4044, stack(0x00000089d1600000,0x00000089d1700000) (1024K)]
  0x0000023a8d72f220 JavaThread "RMI TCP Connection(2)-192.168.59.1" daemon [_thread_in_native, id=20324, stack(0x00000089d1700000,0x00000089d1800000) (1024K)]
  0x0000023a8d854720 JavaThread "Catalina-utility-1"                [_thread_blocked, id=4920, stack(0x00000089d1b00000,0x00000089d1c00000) (1024K)]
  0x0000023a8e247ed0 JavaThread "Catalina-utility-2"                [_thread_blocked, id=18676, stack(0x00000089d1c00000,0x00000089d1d00000) (1024K)]
  0x0000023a8e249c10 JavaThread "container-0"                       [_thread_blocked, id=17800, stack(0x00000089d1d00000,0x00000089d1e00000) (1024K)]
  0x0000023a8e24aab0 JavaThread "HikariPool-1:housekeeper"   daemon [_thread_blocked, id=8240, stack(0x00000089d1e00000,0x00000089d1f00000) (1024K)]
  0x0000023a8e24b950 JavaThread "http-nio-8767-exec-1"       daemon [_thread_blocked, id=18652, stack(0x00000089d2000000,0x00000089d2100000) (1024K)]
  0x0000023a8e24c0a0 JavaThread "http-nio-8767-exec-2"       daemon [_thread_blocked, id=17940, stack(0x00000089d2100000,0x00000089d2200000) (1024K)]
  0x0000023a8e24c7f0 JavaThread "http-nio-8767-exec-3"       daemon [_thread_blocked, id=17328, stack(0x00000089d2200000,0x00000089d2300000) (1024K)]
  0x0000023a8e24cf40 JavaThread "http-nio-8767-exec-4"       daemon [_thread_blocked, id=14260, stack(0x00000089d2300000,0x00000089d2400000) (1024K)]
  0x0000023a8e247780 JavaThread "http-nio-8767-exec-5"       daemon [_thread_blocked, id=8232, stack(0x00000089d2400000,0x00000089d2500000) (1024K)]
  0x0000023a8e2468e0 JavaThread "http-nio-8767-exec-6"       daemon [_thread_blocked, id=18248, stack(0x00000089d2500000,0x00000089d2600000) (1024K)]
  0x0000023a8e247030 JavaThread "http-nio-8767-exec-7"       daemon [_thread_blocked, id=2976, stack(0x00000089d2600000,0x00000089d2700000) (1024K)]
  0x0000023a8e248620 JavaThread "http-nio-8767-exec-8"       daemon [_thread_blocked, id=13672, stack(0x00000089d2700000,0x00000089d2800000) (1024K)]
  0x0000023a8e24a360 JavaThread "http-nio-8767-exec-9"       daemon [_thread_blocked, id=18044, stack(0x00000089d2800000,0x00000089d2900000) (1024K)]
  0x0000023a8e24d690 JavaThread "http-nio-8767-exec-10"      daemon [_thread_blocked, id=22524, stack(0x00000089d2900000,0x00000089d2a00000) (1024K)]
  0x0000023a8e24dde0 JavaThread "http-nio-8767-Poller"       daemon [_thread_in_native, id=8664, stack(0x00000089d2a00000,0x00000089d2b00000) (1024K)]
  0x0000023a8e248d70 JavaThread "http-nio-8767-Acceptor"     daemon [_thread_in_native, id=14692, stack(0x00000089d2b00000,0x00000089d2c00000) (1024K)]
  0x0000023a8e2494c0 JavaThread "DestroyJavaVM"                     [_thread_blocked, id=21264, stack(0x00000089cfe00000,0x00000089cff00000) (1024K)]
  0x0000023a8edb3690 JavaThread "JFR Recorder Thread"        daemon [_thread_in_native, id=21500, stack(0x00000089cfc00000,0x00000089cfd00000) (1024K)]
  0x0000023a8f787f70 JavaThread "C1 CompilerThread1"         daemon [_thread_blocked, id=15956, stack(0x00000089cfd00000,0x00000089cfe00000) (1024K)]
  0x0000023a8edb27f0 JavaThread "JFR Periodic Tasks"         daemon [_thread_blocked, id=7588, stack(0x00000089cff00000,0x00000089d0000000) (1024K)]
Total: 34

Other Threads:
  0x0000023a47459b70 VMThread "VM Thread"                           [id=6360, stack(0x00000089d0600000,0x00000089d0700000) (1024K)]
  0x0000023a4744aaf0 WatcherThread "VM Periodic Task Thread"        [id=19784, stack(0x00000089d0500000,0x00000089d0600000) (1024K)]
  0x0000023a33bbbc10 WorkerThread "GC Thread#0"                     [id=20920, stack(0x00000089d0000000,0x00000089d0100000) (1024K)]
  0x0000023a8d7a1ee0 WorkerThread "GC Thread#1"                     [id=20112, stack(0x00000089d1800000,0x00000089d1900000) (1024K)]
  0x0000023a8d7a2290 WorkerThread "GC Thread#2"                     [id=15364, stack(0x00000089d1900000,0x00000089d1a00000) (1024K)]
  0x0000023a8d7a2640 WorkerThread "GC Thread#3"                     [id=12068, stack(0x00000089d1a00000,0x00000089d1b00000) (1024K)]
  0x0000023a33be6c70 ConcurrentGCThread "G1 Main Marker"            [id=9008, stack(0x00000089d0100000,0x00000089d0200000) (1024K)]
  0x0000023a33be7f20 WorkerThread "G1 Conc#0"                       [id=11888, stack(0x00000089d0200000,0x00000089d0300000) (1024K)]
  0x0000023a4731b520 ConcurrentGCThread "G1 Refine#0"               [id=13940, stack(0x00000089d0300000,0x00000089d0400000) (1024K)]
  0x0000023a4731bfb0 ConcurrentGCThread "G1 Service"                [id=19908, stack(0x00000089d0400000,0x00000089d0500000) (1024K)]
Total: 10

Threads with active compile tasks:
Total: 0

VM state: not at safepoint (normal execution)

VM Mutex/Monitor currently owned by a thread: None

Heap address: 0x0000000741e00000, size: 3042 MB, Compressed Oops mode: Zero based, Oop shift amount: 3

CDS archive(s) mapped at: [0x0000023a48000000-0x0000023a48d40000-0x0000023a48d40000), size 13893632, SharedBaseAddress: 0x0000023a48000000, ArchiveRelocationMode: 1.
Compressed class space mapped at: 0x0000023a49000000-0x0000023a89000000, reserved size: 1073741824
UseCompressedClassPointers 1, UseCompactObjectHeaders 0
Narrow klass pointer bits 32, Max shift 3
Narrow klass base: 0x0000023a48000000, Narrow klass shift: 0
Encoding Range: [0x0000023a48000000 - 0x0000023b48000000), (4294967296 bytes)
Klass Range:    [0x0000023a48000000 - 0x0000023a89000000), (1090519040 bytes)
Klass ID Range:  [8 - 1090519033) (1090519025)

GC Precious Log:
 CardTable entry size: 512
 Card Set container configuration: InlinePtr #cards 4 size 8 Array Of Cards #cards 16 size 48 Howl #buckets 8 coarsen threshold 3686 Howl Bitmap #cards 512 size 80 coarsen threshold 460 Card regions per heap region 1 cards per card region 4096
 CPUs: 4 total, 4 available
 Memory: 12161M
 Large Page Support: Disabled
 NUMA Support: Disabled
 Compressed Oops: Enabled (Zero based)
 Heap Region Size: 2M
 Heap Min Capacity: 8M
 Heap Initial Capacity: 192M
 Heap Max Capacity: 3042M
 Pre-touch: Disabled
 Parallel Workers: 4
 Concurrent Workers: 1
 Concurrent Refinement Workers: 4
 Periodic GC: Disabled

Heap:
 garbage-first heap   total reserved 3115008K, committed 67584K, used 37856K [0x0000000741e00000, 0x0000000800000000)
  region size 2048K, 6 young (12288K), 1 survivors (2048K)
 Metaspace       used 60860K, committed 61504K, reserved 1114112K
  class space    used 6836K, committed 7104K, reserved 1048576K

Heap Regions: E=young(eden), S=young(survivor), O=old, HS=humongous(starts), HC=humongous(continues), CS=collection set, F=free, TAMS=top-at-mark-start, PB=parsable bottom
|   0|0x0000000741e00000, 0x0000000742000000, 0x0000000742000000|100%| O|  |TAMS 0x0000000741e00000| PB 0x0000000741e00000| Untracked |  0
|   1|0x0000000742000000, 0x0000000742200000, 0x0000000742200000|100%| O|Cm|TAMS 0x0000000742000000| PB 0x0000000742000000| Complete |  0
|   2|0x0000000742200000, 0x0000000742400000, 0x0000000742400000|100%| O|  |TAMS 0x0000000742200000| PB 0x0000000742200000| Untracked |  0
|   3|0x0000000742400000, 0x0000000742600000, 0x0000000742600000|100%| O|  |TAMS 0x0000000742400000| PB 0x0000000742400000| Untracked |  0
|   4|0x0000000742600000, 0x0000000742800000, 0x0000000742800000|100%| O|  |TAMS 0x0000000742600000| PB 0x0000000742600000| Untracked |  0
|   5|0x0000000742800000, 0x0000000742a00000, 0x0000000742a00000|100%| O|  |TAMS 0x0000000742800000| PB 0x0000000742800000| Untracked |  0
|   6|0x0000000742a00000, 0x0000000742c00000, 0x0000000742c00000|100%| O|  |TAMS 0x0000000742a00000| PB 0x0000000742a00000| Untracked |  0
|   7|0x0000000742c00000, 0x0000000742e00000, 0x0000000742e00000|100%| O|Cm|TAMS 0x0000000742c00000| PB 0x0000000742c00000| Complete |  0
|   8|0x0000000742e00000, 0x0000000743000000, 0x0000000743000000|100%| O|Cm|TAMS 0x0000000742e00000| PB 0x0000000742e00000| Complete |  0
|   9|0x0000000743000000, 0x0000000743200000, 0x0000000743200000|100%| O|  |TAMS 0x0000000743000000| PB 0x0000000743000000| Untracked |  0
|  10|0x0000000743200000, 0x0000000743400000, 0x0000000743400000|100%| O|  |TAMS 0x0000000743200000| PB 0x0000000743200000| Untracked |  0
|  11|0x0000000743400000, 0x0000000743600000, 0x0000000743600000|100%| O|  |TAMS 0x0000000743400000| PB 0x0000000743400000| Untracked |  0
|  12|0x0000000743600000, 0x0000000743800000, 0x0000000743800000|100%| O|  |TAMS 0x0000000743600000| PB 0x0000000743600000| Untracked |  0
|  13|0x0000000743800000, 0x00000007439e3a00, 0x0000000743a00000| 94%| O|  |TAMS 0x0000000743800000| PB 0x0000000743800000| Untracked |  0
|  14|0x0000000743a00000, 0x0000000743a00000, 0x0000000743c00000|  0%| F|  |TAMS 0x0000000743a00000| PB 0x0000000743a00000| Untracked |  0
|  15|0x0000000743c00000, 0x0000000743c00000, 0x0000000743e00000|  0%| F|  |TAMS 0x0000000743c00000| PB 0x0000000743c00000| Untracked |  0
|  16|0x0000000743e00000, 0x0000000743e00000, 0x0000000744000000|  0%| F|  |TAMS 0x0000000743e00000| PB 0x0000000743e00000| Untracked |  0
|  17|0x0000000744000000, 0x0000000744000000, 0x0000000744200000|  0%| F|  |TAMS 0x0000000744000000| PB 0x0000000744000000| Untracked |  0
|  18|0x0000000744200000, 0x0000000744200000, 0x0000000744400000|  0%| F|  |TAMS 0x0000000744200000| PB 0x0000000744200000| Untracked |  0
|  19|0x0000000744400000, 0x0000000744400000, 0x0000000744600000|  0%| F|  |TAMS 0x0000000744400000| PB 0x0000000744400000| Untracked |  0
|  20|0x0000000744600000, 0x0000000744600000, 0x0000000744800000|  0%| F|  |TAMS 0x0000000744600000| PB 0x0000000744600000| Untracked |  0
|  21|0x0000000744800000, 0x0000000744800000, 0x0000000744a00000|  0%| F|  |TAMS 0x0000000744800000| PB 0x0000000744800000| Untracked |  0
|  22|0x0000000744a00000, 0x0000000744a00000, 0x0000000744c00000|  0%| F|  |TAMS 0x0000000744a00000| PB 0x0000000744a00000| Untracked |  0
|  23|0x0000000744c00000, 0x0000000744c00000, 0x0000000744e00000|  0%| F|  |TAMS 0x0000000744c00000| PB 0x0000000744c00000| Untracked |  0
|  24|0x0000000744e00000, 0x0000000744f149f0, 0x0000000745000000| 54%| S|CS|TAMS 0x0000000744e00000| PB 0x0000000744e00000| Complete |  0
|  25|0x0000000745000000, 0x0000000745000000, 0x0000000745200000|  0%| F|  |TAMS 0x0000000745000000| PB 0x0000000745000000| Untracked |  0
|  59|0x0000000749400000, 0x0000000749400000, 0x0000000749600000|  0%| F|  |TAMS 0x0000000749400000| PB 0x0000000749400000| Untracked |  0
|  60|0x0000000749600000, 0x0000000749600000, 0x0000000749800000|  0%| F|  |TAMS 0x0000000749600000| PB 0x0000000749600000| Untracked |  0
|  61|0x0000000749800000, 0x0000000749984ab0, 0x0000000749a00000| 75%| E|  |TAMS 0x0000000749800000| PB 0x0000000749800000| Complete |  0
|  62|0x0000000749a00000, 0x0000000749c00000, 0x0000000749c00000|100%| E|CS|TAMS 0x0000000749a00000| PB 0x0000000749a00000| Complete |  0
|  63|0x0000000749c00000, 0x0000000749e00000, 0x0000000749e00000|100%| E|CS|TAMS 0x0000000749c00000| PB 0x0000000749c00000| Complete |  0
|  95|0x000000074dc00000, 0x000000074de00000, 0x000000074de00000|100%| E|CS|TAMS 0x000000074dc00000| PB 0x000000074dc00000| Complete |  0
|1520|0x00000007ffe00000, 0x0000000800000000, 0x0000000800000000|100%| E|CS|TAMS 0x00000007ffe00000| PB 0x00000007ffe00000| Complete |  0

Card table byte_map: [0x0000023a418d0000,0x0000023a41ed0000] _byte_map_base: 0x0000023a3dec1000

Marking Bits: (CMBitMap*) 0x0000023a33bbc320
 Bits: [0x0000023a41ed0000, 0x0000023a44e58000)

Polling page: 0x0000023a3dcc0000

Metaspace:

Usage:
  Non-class:     52.76 MB used.
      Class:      6.68 MB used.
       Both:     59.43 MB used.

Virtual space:
  Non-class space:       64.00 MB reserved,      53.12 MB ( 83%) committed,  1 nodes.
      Class space:        1.00 GB reserved,       6.94 MB ( <1%) committed,  1 nodes.
             Both:        1.06 GB reserved,      60.06 MB (  6%) committed. 

Chunk freelists:
   Non-Class:  10.84 MB
       Class:  9.08 MB
        Both:  19.92 MB

MaxMetaspaceSize: unlimited
CompressedClassSpaceSize: 1.00 GB
Initial GC threshold: 21.00 MB
Current GC threshold: 99.50 MB
CDS: on
 - commit_granule_bytes: 65536.
 - commit_granule_words: 8192.
 - virtual_space_node_default_size: 8388608.
 - enlarge_chunks_in_place: 1.
UseCompressedClassPointers 1, UseCompactObjectHeaders 0
Narrow klass pointer bits 32, Max shift 3
Narrow klass base: 0x0000023a48000000, Narrow klass shift: 0
Encoding Range: [0x0000023a48000000 - 0x0000023b48000000), (4294967296 bytes)
Klass Range:    [0x0000023a48000000 - 0x0000023a89000000), (1090519040 bytes)
Klass ID Range:  [8 - 1090519033) (1090519025)


Internal statistics:

num_allocs_failed_limit: 12.
num_arena_births: 778.
num_arena_deaths: 0.
num_vsnodes_births: 2.
num_vsnodes_deaths: 0.
num_space_committed: 961.
num_space_uncommitted: 0.
num_chunks_returned_to_freelist: 12.
num_chunks_taken_from_freelist: 2865.
num_chunk_merges: 6.
num_chunk_splits: 2118.
num_chunks_enlarged: 1720.
num_inconsistent_stats: 0.

CodeCache: size=49152Kb used=8846Kb max_used=9157Kb free=40305Kb
 bounds [0x0000023a3de30000, 0x0000023a3e760000, 0x0000023a40e30000]
 total_blobs=6445, nmethods=5761, adapters=608, full_count=0
Compilation: enabled, stopped_count=0, restarted_count=0

Compilation events (20 events):
Event: 250.959 Thread 0x0000023a47478280 5838       1       jdk.jfr.internal.EventControl::getEventType (5 bytes)
Event: 250.959 Thread 0x0000023a8f787f70 5839       1       jdk.jfr.internal.EventControl::getSettingsId (5 bytes)
Event: 250.959 Thread 0x0000023a47478280 nmethod 5838 0x0000023a3e749488 code [0x0000023a3e749580, 0x0000023a3e749648]
Event: 250.959 Thread 0x0000023a47478280 5842   !   1       jdk.jfr.internal.Control::setValue (102 bytes)
Event: 250.960 Thread 0x0000023a8f787f70 nmethod 5839 0x0000023a3e749188 code [0x0000023a3e749280, 0x0000023a3e749348]
Event: 250.960 Thread 0x0000023a8f787f70 5843       1       jdk.jfr.internal.SettingsManager$InternalSetting::getValues (35 bytes)
Event: 250.960 Thread 0x0000023a8f787f70 nmethod 5843 0x0000023a3e748e08 code [0x0000023a3e748f40, 0x0000023a3e749148]
Event: 250.960 Thread 0x0000023a8f787f70 5844       1       jdk.jfr.internal.Control::apply (10 bytes)
Event: 250.960 Thread 0x0000023a8f787f70 nmethod 5844 0x0000023a3e748b08 code [0x0000023a3e748c20, 0x0000023a3e748d30]
Event: 250.960 Thread 0x0000023a8f787f70 5845       1       jdk.jfr.internal.Control::findCombine (121 bytes)
Event: 250.960 Thread 0x0000023a47478280 nmethod 5842 0x0000023a3e748208 code [0x0000023a3e748400, 0x0000023a3e748a90]
Event: 250.961 Thread 0x0000023a47478280 5840       1       jdk.jfr.internal.EventControl::getNamedControls (5 bytes)
Event: 250.961 Thread 0x0000023a47478280 nmethod 5840 0x0000023a3e747f08 code [0x0000023a3e748000, 0x0000023a3e7480c8]
Event: 250.961 Thread 0x0000023a47478280 5841       1       jdk.jfr.internal.PlatformEventType::isEnabled (5 bytes)
Event: 250.961 Thread 0x0000023a47478280 nmethod 5841 0x0000023a3e747c08 code [0x0000023a3e747d00, 0x0000023a3e747dc8]
Event: 250.961 Thread 0x0000023a8f787f70 nmethod 5845 0x0000023a3e747288 code [0x0000023a3e747440, 0x0000023a3e747bf0]
Event: 250.984 Thread 0x0000023a47478280 5846       1       jdk.jfr.internal.periodic.EventTask::getEventType (5 bytes)
Event: 250.985 Thread 0x0000023a47478280 nmethod 5846 0x0000023a3e746f88 code [0x0000023a3e747080, 0x0000023a3e747148]
Event: 250.985 Thread 0x0000023a8f787f70 5847       1       jdk.jfr.internal.periodic.PeriodicTask::getPeriod (5 bytes)
Event: 250.985 Thread 0x0000023a8f787f70 nmethod 5847 0x0000023a3e746c88 code [0x0000023a3e746d80, 0x0000023a3e746e48]

GC Heap History (20 events):
Event: 2.558 GC heap before
{Heap before GC invocations=1 (full 0):
 garbage-first heap   total reserved 3115008K, committed 198656K, used 66061K [0x0000000741e00000, 0x0000000800000000)
  region size 2048K, 32 young (65536K), 2 survivors (4096K)
 Metaspace       used 21196K, committed 21504K, reserved 1114112K
  class space    used 2268K, committed 2432K, reserved 1048576K
}
Event: 2.568 GC heap after
{Heap after GC invocations=2 (full 0):
 garbage-first heap   total reserved 3115008K, committed 198656K, used 14861K [0x0000000741e00000, 0x0000000800000000)
  region size 2048K, 5 young (10240K), 5 survivors (10240K)
 Metaspace       used 21196K, committed 21504K, reserved 1114112K
  class space    used 2268K, committed 2432K, reserved 1048576K
}
Event: 3.115 GC heap before
{Heap before GC invocations=3 (full 0):
 garbage-first heap   total reserved 3115008K, committed 55296K, used 37389K [0x0000000741e00000, 0x0000000800000000)
  region size 2048K, 16 young (32768K), 5 survivors (10240K)
 Metaspace       used 23711K, committed 24064K, reserved 1114112K
  class space    used 2576K, committed 2752K, reserved 1048576K
}
Event: 3.128 GC heap after
{Heap after GC invocations=4 (full 0):
 garbage-first heap   total reserved 3115008K, committed 55296K, used 16162K [0x0000000741e00000, 0x0000000800000000)
  region size 2048K, 1 young (2048K), 1 survivors (2048K)
 Metaspace       used 23711K, committed 24064K, reserved 1114112K
  class space    used 2576K, committed 2752K, reserved 1048576K
}
Event: 3.573 GC heap before
{Heap before GC invocations=4 (full 0):
 garbage-first heap   total reserved 3115008K, committed 55296K, used 36642K [0x0000000741e00000, 0x0000000800000000)
  region size 2048K, 11 young (22528K), 1 survivors (2048K)
 Metaspace       used 26281K, committed 26688K, reserved 1114112K
  class space    used 2954K, committed 3136K, reserved 1048576K
}
Event: 3.584 GC heap after
{Heap after GC invocations=5 (full 0):
 garbage-first heap   total reserved 3115008K, committed 55296K, used 18207K [0x0000000741e00000, 0x0000000800000000)
  region size 2048K, 2 young (4096K), 2 survivors (4096K)
 Metaspace       used 26281K, committed 26688K, reserved 1114112K
  class space    used 2954K, committed 3136K, reserved 1048576K
}
Event: 4.066 GC heap before
{Heap before GC invocations=5 (full 0):
 garbage-first heap   total reserved 3115008K, committed 55296K, used 38687K [0x0000000741e00000, 0x0000000800000000)
  region size 2048K, 12 young (24576K), 2 survivors (4096K)
 Metaspace       used 29840K, committed 30336K, reserved 1114112K
  class space    used 3369K, committed 3584K, reserved 1048576K
}
Event: 4.075 GC heap after
{Heap after GC invocations=6 (full 0):
 garbage-first heap   total reserved 3115008K, committed 55296K, used 20424K [0x0000000741e00000, 0x0000000800000000)
  region size 2048K, 2 young (4096K), 2 survivors (4096K)
 Metaspace       used 29840K, committed 30336K, reserved 1114112K
  class space    used 3369K, committed 3584K, reserved 1048576K
}
Event: 4.436 GC heap before
{Heap before GC invocations=6 (full 0):
 garbage-first heap   total reserved 3115008K, committed 55296K, used 36808K [0x0000000741e00000, 0x0000000800000000)
  region size 2048K, 11 young (22528K), 2 survivors (4096K)
 Metaspace       used 35693K, committed 36096K, reserved 1114112K
  class space    used 3908K, committed 4096K, reserved 1048576K
}
Event: 4.442 GC heap after
{Heap after GC invocations=7 (full 0):
 garbage-first heap   total reserved 3115008K, committed 55296K, used 22166K [0x0000000741e00000, 0x0000000800000000)
  region size 2048K, 2 young (4096K), 2 survivors (4096K)
 Metaspace       used 35693K, committed 36096K, reserved 1114112K
  class space    used 3908K, committed 4096K, reserved 1048576K
}
Event: 5.055 GC heap before
{Heap before GC invocations=8 (full 0):
 garbage-first heap   total reserved 3115008K, committed 55296K, used 42646K [0x0000000741e00000, 0x0000000800000000)
  region size 2048K, 12 young (24576K), 2 survivors (4096K)
 Metaspace       used 41475K, committed 41984K, reserved 1114112K
  class space    used 4580K, committed 4800K, reserved 1048576K
}
Event: 5.061 GC heap after
{Heap after GC invocations=9 (full 0):
 garbage-first heap   total reserved 3115008K, committed 55296K, used 23413K [0x0000000741e00000, 0x0000000800000000)
  region size 2048K, 2 young (4096K), 2 survivors (4096K)
 Metaspace       used 41475K, committed 41984K, reserved 1114112K
  class space    used 4580K, committed 4800K, reserved 1048576K
}
Event: 5.656 GC heap before
{Heap before GC invocations=9 (full 0):
 garbage-first heap   total reserved 3115008K, committed 55296K, used 41845K [0x0000000741e00000, 0x0000000800000000)
  region size 2048K, 12 young (24576K), 2 survivors (4096K)
 Metaspace       used 47369K, committed 47808K, reserved 1114112K
  class space    used 5143K, committed 5312K, reserved 1048576K
}
Event: 5.663 GC heap after
{Heap after GC invocations=10 (full 0):
 garbage-first heap   total reserved 3115008K, committed 67584K, used 24158K [0x0000000741e00000, 0x0000000800000000)
  region size 2048K, 2 young (4096K), 2 survivors (4096K)
 Metaspace       used 47369K, committed 47808K, reserved 1114112K
  class space    used 5143K, committed 5312K, reserved 1048576K
}
Event: 6.506 GC heap before
{Heap before GC invocations=10 (full 0):
 garbage-first heap   total reserved 3115008K, committed 67584K, used 50782K [0x0000000741e00000, 0x0000000800000000)
  region size 2048K, 16 young (32768K), 2 survivors (4096K)
 Metaspace       used 55656K, committed 56192K, reserved 1114112K
  class space    used 6135K, committed 6336K, reserved 1048576K
}
Event: 6.512 GC heap after
{Heap after GC invocations=11 (full 0):
 garbage-first heap   total reserved 3115008K, committed 67584K, used 26147K [0x0000000741e00000, 0x0000000800000000)
  region size 2048K, 2 young (4096K), 2 survivors (4096K)
 Metaspace       used 55656K, committed 56192K, reserved 1114112K
  class space    used 6135K, committed 6336K, reserved 1048576K
}
Event: 7.077 GC heap before
{Heap before GC invocations=11 (full 0):
 garbage-first heap   total reserved 3115008K, committed 67584K, used 54819K [0x0000000741e00000, 0x0000000800000000)
  region size 2048K, 16 young (32768K), 2 survivors (4096K)
 Metaspace       used 59130K, committed 59584K, reserved 1114112K
  class space    used 6606K, committed 6784K, reserved 1048576K
}
Event: 7.085 GC heap after
{Heap after GC invocations=12 (full 0):
 garbage-first heap   total reserved 3115008K, committed 67584K, used 28734K [0x0000000741e00000, 0x0000000800000000)
  region size 2048K, 2 young (4096K), 2 survivors (4096K)
 Metaspace       used 59130K, committed 59584K, reserved 1114112K
  class space    used 6606K, committed 6784K, reserved 1048576K
}
Event: 250.780 GC heap before
{Heap before GC invocations=12 (full 0):
 garbage-first heap   total reserved 3115008K, committed 67584K, used 43070K [0x0000000741e00000, 0x0000000800000000)
  region size 2048K, 10 young (20480K), 2 survivors (4096K)
 Metaspace       used 60169K, committed 60736K, reserved 1114112K
  class space    used 6751K, committed 6976K, reserved 1048576K
}
Event: 250.812 GC heap after
{Heap after GC invocations=13 (full 0):
 garbage-first heap   total reserved 3115008K, committed 67584K, used 29664K [0x0000000741e00000, 0x0000000800000000)
  region size 2048K, 1 young (2048K), 1 survivors (2048K)
 Metaspace       used 60169K, committed 60736K, reserved 1114112K
  class space    used 6751K, committed 6976K, reserved 1048576K
}

Dll operation events (13 events):
Event: 0.042 Loaded shared library C:\Program Files\Java\jdk-24\bin\java.dll
Event: 0.266 Loaded shared library C:\Program Files\Java\jdk-24\bin\zip.dll
Event: 0.280 Loaded shared library C:\Program Files\Java\jdk-24\bin\instrument.dll
Event: 0.288 Loaded shared library C:\Program Files\Java\jdk-24\bin\net.dll
Event: 0.291 Loaded shared library C:\Program Files\Java\jdk-24\bin\nio.dll
Event: 0.295 Loaded shared library C:\Program Files\Java\jdk-24\bin\zip.dll
Event: 0.330 Loaded shared library C:\Program Files\Java\jdk-24\bin\jimage.dll
Event: 0.517 Loaded shared library C:\Program Files\Java\jdk-24\bin\extnet.dll
Event: 0.531 Loaded shared library C:\Program Files\Java\jdk-24\bin\management.dll
Event: 0.546 Loaded shared library C:\Program Files\Java\jdk-24\bin\management_ext.dll
Event: 2.497 Loaded shared library C:\Program Files\Java\jdk-24\bin\sunmscapi.dll
Event: 4.721 Loaded shared library C:\Program Files\Java\jdk-24\bin\verify.dll
Event: 250.572 Loaded shared library C:\Users\User\AppData\Local\Temp\idea_libasyncProfiler_dll_temp_folder\libasyncProfiler.dll

Deoptimization events (0 events):
No events

Classes loaded (20 events):
Event: 250.931 Loading class jdk/jfr/internal/MetadataWriter
Event: 250.931 Loading class jdk/jfr/internal/MetadataWriter done
Event: 250.931 Loading class jdk/jfr/internal/MetadataDescriptor$Element
Event: 250.932 Loading class jdk/jfr/internal/MetadataDescriptor$Element done
Event: 250.932 Loading class jdk/jfr/internal/MetadataDescriptor$Attribute
Event: 250.932 Loading class jdk/jfr/internal/MetadataDescriptor$Attribute done
Event: 250.937 Loading class jdk/jfr/internal/consumer/StringParser$Encoding
Event: 250.938 Loading class jdk/jfr/internal/consumer/StringParser$Encoding done
Event: 250.945 Loading class jdk/jfr/internal/consumer/RepositoryFiles
Event: 250.945 Loading class jdk/jfr/internal/consumer/RepositoryFiles done
Event: 250.954 Loading class jdk/jfr/internal/SettingsManager$InternalSetting
Event: 250.954 Loading class jdk/jfr/internal/SettingsManager$InternalSetting done
Event: 250.956 Loading class jdk/jfr/internal/util/Rate
Event: 250.957 Loading class jdk/jfr/internal/util/Rate done
Event: 250.957 Loading class jdk/jfr/internal/util/TimespanUnit
Event: 250.957 Loading class jdk/jfr/internal/util/TimespanUnit done
Event: 250.957 Loading class jdk/jfr/internal/util/ValueParser
Event: 250.958 Loading class jdk/jfr/internal/util/ValueParser done
Event: 250.961 Loading class jdk/jfr/internal/periodic/PeriodicType
Event: 250.961 Loading class jdk/jfr/internal/periodic/PeriodicType done

Classes unloaded (0 events):
No events

Classes redefined (0 events):
No events

Internal exceptions (20 events):
Event: 6.490 Thread 0x0000023a33a5b4d0 Exception <a 'java/lang/IncompatibleClassChangeError'{0x0000000744545ca0}: Found class java.lang.Object, but interface was expected> (0x0000000744545ca0) 
thrown [s\open\src\hotspot\share\interpreter\linkResolver.cpp, line 872]
Event: 6.537 Thread 0x0000023a33a5b4d0 Exception <a 'java/lang/IncompatibleClassChangeError'{0x00000007ffedb1d0}: Found class java.lang.Object, but interface was expected> (0x00000007ffedb1d0) 
thrown [s\open\src\hotspot\share\interpreter\linkResolver.cpp, line 872]
Event: 6.635 Thread 0x0000023a33a5b4d0 Exception <a 'java/lang/IncompatibleClassChangeError'{0x0000000749b2f800}: Found class java.lang.Object, but interface was expected> (0x0000000749b2f800) 
thrown [s\open\src\hotspot\share\interpreter\linkResolver.cpp, line 872]
Event: 6.663 Thread 0x0000023a33a5b4d0 Exception <a 'java/lang/NoSuchMethodError'{0x00000007499a38f8}: 'void java.lang.invoke.Invokers$Holder.invokeExact_MT(java.lang.Object, java.lang.Object, java.lang.Object, java.lang.Object)'> (0x00000007499a38f8) 
thrown [s\open\src\hotspot\share\interpreter\linkResolver.cpp, line 805]
Event: 6.692 Thread 0x0000023a33a5b4d0 Exception <a 'java/lang/NoSuchMethodError'{0x000000074974c168}: 'java.lang.Object java.lang.invoke.DirectMethodHandle$Holder.newInvokeSpecial(java.lang.Object, java.lang.Object, java.lang.Object, java.lang.Object, java.lang.Object, java.lang.Object, java.lang.Object, java.lang.Object)'> (0x000000074974c168) 
thrown [s\open\src\hotspot\share\interpreter\linkResolver.cpp, line 805]
Event: 6.717 Thread 0x0000023a33a5b4d0 Exception <a 'java/io/IOException'{0x000000074951e720}> (0x000000074951e720) 
thrown [s\open\src\hotspot\share\prims\jni.cpp, line 518]
Event: 6.790 Thread 0x0000023a33a5b4d0 Exception <a 'java/lang/NoSuchMethodError'{0x0000000744f9ec08}: 'java.lang.Object java.lang.invoke.DirectMethodHandle$Holder.invokeStatic(java.lang.Object, int, java.lang.Object, java.lang.Object)'> (0x0000000744f9ec08) 
thrown [s\open\src\hotspot\share\interpreter\linkResolver.cpp, line 805]
Event: 6.791 Thread 0x0000023a33a5b4d0 Exception <a 'java/lang/NoSuchMethodError'{0x0000000744faba68}: 'java.lang.Object java.lang.invoke.DirectMethodHandle$Holder.invokeSpecial(java.lang.Object, java.lang.Object, int, java.lang.Object, java.lang.Object)'> (0x0000000744faba68) 
thrown [s\open\src\hotspot\share\interpreter\linkResolver.cpp, line 805]
Event: 6.791 Thread 0x0000023a33a5b4d0 Exception <a 'java/lang/NoSuchMethodError'{0x0000000744fb4100}: 'java.lang.Object java.lang.invoke.DelegatingMethodHandle$Holder.delegate(java.lang.Object, int, java.lang.Object, java.lang.Object)'> (0x0000000744fb4100) 
thrown [s\open\src\hotspot\share\interpreter\linkResolver.cpp, line 805]
Event: 6.828 Thread 0x0000023a33a5b4d0 Exception <a 'java/lang/NoSuchMethodError'{0x0000000744fd8298}: 'int java.lang.invoke.Invokers$Holder.linkToTargetMethod(java.lang.Object, java.lang.Object, java.lang.Object)'> (0x0000000744fd8298) 
thrown [s\open\src\hotspot\share\interpreter\linkResolver.cpp, line 805]
Event: 6.883 Thread 0x0000023a33a5b4d0 Exception <a 'java/lang/IncompatibleClassChangeError'{0x0000000744ab2350}: Found class java.lang.Object, but interface was expected> (0x0000000744ab2350) 
thrown [s\open\src\hotspot\share\interpreter\linkResolver.cpp, line 872]
Event: 6.986 Thread 0x0000023a33a5b4d0 Exception <a 'java/lang/NoSuchMethodError'{0x00000007446797f8}: 'int java.lang.invoke.DirectMethodHandle$Holder.invokeStaticInit(java.lang.Object, java.lang.Object, java.lang.Object, java.lang.Object)'> (0x00000007446797f8) 
thrown [s\open\src\hotspot\share\interpreter\linkResolver.cpp, line 805]
Event: 7.038 Thread 0x0000023a33a5b4d0 Exception <a 'java/lang/IncompatibleClassChangeError'{0x00000007444fd640}: Found class java.lang.Object, but interface was expected> (0x00000007444fd640) 
thrown [s\open\src\hotspot\share\interpreter\linkResolver.cpp, line 872]
Event: 7.245 Thread 0x0000023a33a5b4d0 Exception <a 'java/lang/NoSuchMethodError'{0x0000000749c072e0}: 'java.lang.Object java.lang.invoke.DirectMethodHandle$Holder.newInvokeSpecial(java.lang.Object, java.lang.Object, int, java.lang.Object, java.lang.Object)'> (0x0000000749c072e0) 
thrown [s\open\src\hotspot\share\interpreter\linkResolver.cpp, line 805]
Event: 7.604 Thread 0x0000023a8d72f220 Exception <a 'java/lang/NoSuchMethodError'{0x0000000749ad9c10}: 'java.lang.Object java.lang.invoke.DirectMethodHandle$Holder.invokeInterface(java.lang.Object, java.lang.Object, java.lang.Object, java.lang.Object, java.lang.Object, java.lang.Object, java.lang.Object)'> (0x0000000749ad9c10) 
thrown [s\open\src\hotspot\share\interpreter\linkResolver.cpp, line 805]
Event: 250.915 Thread 0x0000023a47470a40 Exception <a 'java/lang/NoSuchMethodError'{0x0000000749d98e50}: 'void java.lang.invoke.DirectMethodHandle$Holder.invokeSpecial(java.lang.Object, java.lang.Object, int)'> (0x0000000749d98e50) 
thrown [s\open\src\hotspot\share\interpreter\linkResolver.cpp, line 805]
Event: 250.915 Thread 0x0000023a47470a40 Exception <a 'java/lang/NoSuchMethodError'{0x0000000749da0a70}: 'void java.lang.invoke.Invokers$Holder.invokeExact_MT(java.lang.Object, int, java.lang.Object)'> (0x0000000749da0a70) 
thrown [s\open\src\hotspot\share\interpreter\linkResolver.cpp, line 805]
Event: 250.920 Thread 0x0000023a47470a40 Exception <a 'sun/nio/fs/WindowsException'{0x0000000749a19fd0}> (0x0000000749a19fd0) 
thrown [s\open\src\hotspot\share\prims\jni.cpp, line 518]
Event: 250.921 Thread 0x0000023a47470a40 Exception <a 'sun/nio/fs/WindowsException'{0x0000000749a26e18}> (0x0000000749a26e18) 
thrown [s\open\src\hotspot\share\prims\jni.cpp, line 518]
Event: 250.924 Thread 0x0000023a47470a40 Exception <a 'sun/nio/fs/WindowsException'{0x0000000749a38a60}> (0x0000000749a38a60) 
thrown [s\open\src\hotspot\share\prims\jni.cpp, line 518]

VM Operations (20 events):
Event: 6.897 Executing VM operation: HandshakeAllThreads (Deoptimize)
Event: 6.897 Executing VM operation: HandshakeAllThreads (Deoptimize) done
Event: 6.962 Executing VM operation: HandshakeAllThreads (Deoptimize)
Event: 6.962 Executing VM operation: HandshakeAllThreads (Deoptimize) done
Event: 7.077 Executing VM operation: G1CollectForAllocation (G1 Evacuation Pause)
Event: 7.085 Executing VM operation: G1CollectForAllocation (G1 Evacuation Pause) done
Event: 60.072 Executing VM operation: HandshakeAllThreads (HandshakeForDeflation)
Event: 60.072 Executing VM operation: HandshakeAllThreads (HandshakeForDeflation) done
Event: 60.072 Executing VM operation: RendezvousGCThreads
Event: 60.072 Executing VM operation: RendezvousGCThreads done
Event: 250.780 Executing VM operation: CollectForMetadataAllocation (Metadata GC Threshold)
Event: 250.812 Executing VM operation: CollectForMetadataAllocation (Metadata GC Threshold) done
Event: 250.873 Executing VM operation: CollectForMetadataAllocation (Metadata GC Threshold)
Event: 250.873 Executing VM operation: CollectForMetadataAllocation (Metadata GC Threshold) done
Event: 250.877 Executing VM operation: G1PauseRemark
Event: 250.880 Executing VM operation: G1PauseRemark done
Event: 250.909 Executing VM operation: G1PauseCleanup
Event: 250.909 Executing VM operation: G1PauseCleanup done
Event: 250.946 Executing VM operation: JFRSafepointClear
Event: 250.946 Executing VM operation: JFRSafepointClear done

Memory protections (0 events):
No events

Nmethod flushes (20 events):
Event: 250.879 Thread 0x0000023a47459b70 flushing  nmethod 0x0000023a3e4e4488
Event: 250.879 Thread 0x0000023a47459b70 flushing  nmethod 0x0000023a3e546588
Event: 250.879 Thread 0x0000023a47459b70 flushing  nmethod 0x0000023a3e546888
Event: 250.879 Thread 0x0000023a47459b70 flushing  nmethod 0x0000023a3e24bd88
Event: 250.879 Thread 0x0000023a47459b70 flushing  nmethod 0x0000023a3e342e88
Event: 250.879 Thread 0x0000023a47459b70 flushing  nmethod 0x0000023a3e3a9a08
Event: 250.879 Thread 0x0000023a47459b70 flushing  nmethod 0x0000023a3e444608
Event: 250.879 Thread 0x0000023a47459b70 flushing  nmethod 0x0000023a3e47f788
Event: 250.879 Thread 0x0000023a47459b70 flushing  nmethod 0x0000023a3e483a88
Event: 250.879 Thread 0x0000023a47459b70 flushing  nmethod 0x0000023a3e1bae08
Event: 250.879 Thread 0x0000023a47459b70 flushing  nmethod 0x0000023a3e1bb388
Event: 250.879 Thread 0x0000023a47459b70 flushing  nmethod 0x0000023a3e1f8888
Event: 250.879 Thread 0x0000023a47459b70 flushing  nmethod 0x0000023a3e253c88
Event: 250.879 Thread 0x0000023a47459b70 flushing  nmethod 0x0000023a3e282d08
Event: 250.879 Thread 0x0000023a47459b70 flushing  nmethod 0x0000023a3e31c508
Event: 250.879 Thread 0x0000023a47459b70 flushing  nmethod 0x0000023a3e43ef08
Event: 250.879 Thread 0x0000023a47459b70 flushing  nmethod 0x0000023a3e466908
Event: 250.879 Thread 0x0000023a47459b70 flushing  nmethod 0x0000023a3e469d88
Event: 250.879 Thread 0x0000023a47459b70 flushing  nmethod 0x0000023a3e551008
Event: 250.879 Thread 0x0000023a47459b70 flushing  nmethod 0x0000023a3e551608

Events (20 events):
Event: 7.266 Thread 0x0000023a33a5b4d0 Thread added: 0x0000023a8e248d70
Event: 7.307 Thread 0x0000023a33a5b4d0 Thread exited: 0x0000023a33a5b4d0
Event: 7.307 Thread 0x0000023a8e2494c0 Thread added: 0x0000023a8e2494c0
Event: 7.595 Thread 0x0000023a8d5f3410 Thread added: 0x0000023a8d035b00
Event: 7.600 Thread 0x0000023a8d72f220 Thread added: 0x0000023a8d033dc0
Event: 7.600 Thread 0x0000023a8d035b00 Thread exited: 0x0000023a8d035b00
Event: 7.606 Thread 0x0000023a8d033dc0 Thread exited: 0x0000023a8d033dc0
Event: 7.607 Thread 0x0000023a8d72f220 Thread added: 0x0000023a8d038e30
Event: 7.613 Thread 0x0000023a8d038e30 Thread exited: 0x0000023a8d038e30
Event: 8.128 Thread 0x0000023a47652940 Thread exited: 0x0000023a47652940
Event: 9.196 Thread 0x0000023a474d89d0 Thread exited: 0x0000023a474d89d0
Event: 9.703 Thread 0x0000023a8e24b200 Thread exited: 0x0000023a8e24b200
Event: 90.894 Thread 0x0000023a8d5f3410 Thread exited: 0x0000023a8d5f3410
Event: 102.236 Thread 0x0000023a47478280 Thread added: 0x0000023a4766ad60
Event: 102.236 Thread 0x0000023a47478280 Thread added: 0x0000023a4766b4f0
Event: 108.905 Thread 0x0000023a4766b4f0 Thread exited: 0x0000023a4766b4f0
Event: 108.907 Thread 0x0000023a4766ad60 Thread exited: 0x0000023a4766ad60
Event: 250.763 Thread 0x0000023a47470a40 Thread added: 0x0000023a8edb3690
Event: 250.915 Thread 0x0000023a47478280 Thread added: 0x0000023a8f787f70
Event: 250.917 Thread 0x0000023a47470a40 Thread added: 0x0000023a8edb27f0


Dynamic libraries:
0x00007ff771a40000 - 0x00007ff771a50000 	C:\Program Files\Java\jdk-24\bin\java.exe
0x00007ffe6dff0000 - 0x00007ffe6e207000 	C:\Windows\SYSTEM32\ntdll.dll
0x00007ffe6d890000 - 0x00007ffe6d954000 	C:\Windows\System32\KERNEL32.DLL
0x00007ffe6b8a0000 - 0x00007ffe6bc72000 	C:\Windows\System32\KERNELBASE.dll
0x00007ffe6b280000 - 0x00007ffe6b391000 	C:\Windows\System32\ucrtbase.dll
0x00007ffe60e70000 - 0x00007ffe60e86000 	C:\Program Files\Java\jdk-24\bin\jli.dll
0x00007ffe6c910000 - 0x00007ffe6cac1000 	C:\Windows\System32\USER32.dll
0x00007ffe6b0e0000 - 0x00007ffe6b106000 	C:\Windows\System32\win32u.dll
0x00007ffe6d9e0000 - 0x00007ffe6da09000 	C:\Windows\System32\GDI32.dll
0x00007ffe6b770000 - 0x00007ffe6b893000 	C:\Windows\System32\gdi32full.dll
0x00007ffe6b6d0000 - 0x00007ffe6b76a000 	C:\Windows\System32\msvcp_win.dll
0x00007ffe60e10000 - 0x00007ffe60e2b000 	C:\Program Files\Java\jdk-24\bin\VCRUNTIME140.dll
0x00007ffe49f00000 - 0x00007ffe4a19b000 	C:\Windows\WinSxS\amd64_microsoft.windows.common-controls_6595b64144ccf1df_6.0.22621.5547_none_27104afb73855772\COMCTL32.dll
0x00007ffe6c2c0000 - 0x00007ffe6c367000 	C:\Windows\System32\msvcrt.dll
0x00007ffe6bff0000 - 0x00007ffe6c021000 	C:\Windows\System32\IMM32.DLL
0x00007ffe60ea0000 - 0x00007ffe60eac000 	C:\Program Files\Java\jdk-24\bin\vcruntime140_1.dll
0x00007ffe505d0000 - 0x00007ffe5065e000 	C:\Program Files\Java\jdk-24\bin\msvcp140.dll
0x00007ffe48c00000 - 0x00007ffe499a2000 	C:\Program Files\Java\jdk-24\bin\server\jvm.dll
0x00007ffe6c370000 - 0x00007ffe6c421000 	C:\Windows\System32\ADVAPI32.dll
0x00007ffe6bec0000 - 0x00007ffe6bf68000 	C:\Windows\System32\sechost.dll
0x00007ffe6b6a0000 - 0x00007ffe6b6c8000 	C:\Windows\System32\bcrypt.dll
0x00007ffe6c7f0000 - 0x00007ffe6c904000 	C:\Windows\System32\RPCRT4.dll
0x00007ffe6be20000 - 0x00007ffe6be91000 	C:\Windows\System32\WS2_32.dll
0x00007ffe6afb0000 - 0x00007ffe6affd000 	C:\Windows\SYSTEM32\POWRPROF.dll
0x00007ffe5fcd0000 - 0x00007ffe5fd04000 	C:\Windows\SYSTEM32\WINMM.dll
0x00007ffe62c20000 - 0x00007ffe62c2a000 	C:\Windows\SYSTEM32\VERSION.dll
0x00007ffe6af90000 - 0x00007ffe6afa3000 	C:\Windows\SYSTEM32\UMPDC.dll
0x00007ffe6a0d0000 - 0x00007ffe6a0e8000 	C:\Windows\SYSTEM32\kernel.appcore.dll
0x00007ffe47300000 - 0x00007ffe4730a000 	C:\Program Files\Java\jdk-24\bin\jimage.dll
0x00007ffe65560000 - 0x00007ffe65793000 	C:\Windows\SYSTEM32\DBGHELP.DLL
0x00007ffe6cad0000 - 0x00007ffe6ce63000 	C:\Windows\System32\combase.dll
0x00007ffe6c430000 - 0x00007ffe6c507000 	C:\Windows\System32\OLEAUT32.dll
0x00007ffe482a0000 - 0x00007ffe482d2000 	C:\Windows\SYSTEM32\dbgcore.DLL
0x00007ffe6b3a0000 - 0x00007ffe6b41b000 	C:\Windows\System32\bcryptPrimitives.dll
0x00007ffe60e00000 - 0x00007ffe60e0f000 	C:\Program Files\Java\jdk-24\bin\instrument.dll
0x00007ffe48500000 - 0x00007ffe4851e000 	C:\Program Files\Java\jdk-24\bin\java.dll
0x00007ffe6bc80000 - 0x00007ffe6be20000 	C:\Windows\System32\ole32.dll
0x00007ffe6cfe0000 - 0x00007ffe6d882000 	C:\Windows\System32\SHELL32.dll
0x00007ffe6b420000 - 0x00007ffe6b55f000 	C:\Windows\System32\wintypes.dll
0x00007ffe68fc0000 - 0x00007ffe698dd000 	C:\Windows\SYSTEM32\windows.storage.dll
0x00007ffe6c510000 - 0x00007ffe6c61c000 	C:\Windows\System32\SHCORE.dll
0x00007ffe6bf80000 - 0x00007ffe6bfe9000 	C:\Windows\System32\shlwapi.dll
0x00007ffe6b010000 - 0x00007ffe6b03b000 	C:\Windows\SYSTEM32\profapi.dll
0x00007ffe47e90000 - 0x00007ffe47ea7000 	C:\Program Files\Java\jdk-24\bin\zip.dll
0x00007ffe484f0000 - 0x00007ffe48500000 	C:\Program Files\Java\jdk-24\bin\net.dll
0x00007ffe6a540000 - 0x00007ffe6a5a9000 	C:\Windows\system32\mswsock.dll
0x00007ffe47eb0000 - 0x00007ffe47ec6000 	C:\Program Files\Java\jdk-24\bin\nio.dll
0x00007ffe69b60000 - 0x00007ffe69c58000 	C:\Windows\SYSTEM32\DNSAPI.dll
0x00007ffe69b30000 - 0x00007ffe69b5d000 	C:\Windows\SYSTEM32\IPHLPAPI.DLL
0x00007ffe6c620000 - 0x00007ffe6c629000 	C:\Windows\System32\NSI.dll
0x00007ffe5daf0000 - 0x00007ffe5dafa000 	C:\Windows\System32\rasadhlp.dll
0x00007ffe5ff00000 - 0x00007ffe5ff84000 	C:\Windows\System32\fwpuclnt.dll
0x00007ffe33540000 - 0x00007ffe33549000 	C:\Program Files\Java\jdk-24\bin\extnet.dll
0x00007ffe484e0000 - 0x00007ffe484ea000 	C:\Program Files\Java\jdk-24\bin\management.dll
0x00007ffe47450000 - 0x00007ffe4745b000 	C:\Program Files\Java\jdk-24\bin\management_ext.dll
0x00007ffe6bf70000 - 0x00007ffe6bf78000 	C:\Windows\System32\PSAPI.DLL
0x00007ffe6a890000 - 0x00007ffe6a8ab000 	C:\Windows\SYSTEM32\CRYPTSP.dll
0x00007ffe6a030000 - 0x00007ffe6a067000 	C:\Windows\system32\rsaenh.dll
0x00007ffe6a5e0000 - 0x00007ffe6a608000 	C:\Windows\SYSTEM32\USERENV.dll
0x00007ffe6a870000 - 0x00007ffe6a87c000 	C:\Windows\SYSTEM32\CRYPTBASE.dll
0x00007ffe1f040000 - 0x00007ffe1f057000 	C:\Windows\system32\napinsp.dll
0x00007ffe1f020000 - 0x00007ffe1f03b000 	C:\Windows\system32\pnrpnsp.dll
0x00007ffe1f000000 - 0x00007ffe1f011000 	C:\Windows\System32\winrnr.dll
0x00007ffe60140000 - 0x00007ffe6015f000 	C:\Windows\system32\wshbth.dll
0x00007ffe0a040000 - 0x00007ffe0a061000 	C:\Windows\system32\nlansp_c.dll
0x00007ffe4c2c0000 - 0x00007ffe4c310000 	C:\Windows\SYSTEM32\pdh.dll
0x00007ffe531e0000 - 0x00007ffe531ee000 	C:\Program Files\Java\jdk-24\bin\sunmscapi.dll
0x00007ffe6b110000 - 0x00007ffe6b277000 	C:\Windows\System32\CRYPT32.dll
0x00007ffe6a9a0000 - 0x00007ffe6a9cd000 	C:\Windows\SYSTEM32\ncrypt.dll
0x00007ffe6a960000 - 0x00007ffe6a997000 	C:\Windows\SYSTEM32\NTASN1.dll
0x00007ffe47600000 - 0x00007ffe47611000 	C:\Windows\System32\perfproc.dll
0x00007ffe60df0000 - 0x00007ffe60e00000 	C:\Program Files\Java\jdk-24\bin\verify.dll
0x00007ffe57f50000 - 0x00007ffe57f58000 	C:\Windows\system32\wshunix.dll
0x00007ffe4e6a0000 - 0x00007ffe4e898000 	C:\Users\User\AppData\Local\Temp\idea_libasyncProfiler_dll_temp_folder\libasyncProfiler.dll

JVMTI agents:
C:\Program Files\JetBrains\IntelliJ IDEA 2025.1.2\lib\idea_rt.jar path:C:\Program Files\Java\jdk-24\bin\instrument.dll, loaded, initialized, instrumentlib options:52144

dbghelp: loaded successfully - version: 4.0.5 - missing functions: none
symbol engine: initialized successfully - sym options: 0x614 - pdb path: .;C:\Program Files\Java\jdk-24\bin;C:\Windows\SYSTEM32;C:\Windows\WinSxS\amd64_microsoft.windows.common-controls_6595b64144ccf1df_6.0.22621.5547_none_27104afb73855772;C:\Program Files\Java\jdk-24\bin\server;C:\Users\User\AppData\Local\Temp\idea_libasyncProfiler_dll_temp_folder

VM Arguments:
jvm_args: -XX:TieredStopAtLevel=1 -Dspring.output.ansi.enabled=always -Dcom.sun.management.jmxremote -Dspring.jmx.enabled=true -Dspring.liveBeansView.mbeanDomain -Dspring.application.admin.enabled=true -Dmanagement.endpoints.jmx.exposure.include=* -javaagent:C:\Program Files\JetBrains\IntelliJ IDEA 2025.1.2\lib\idea_rt.jar=52144 -Dfile.encoding=UTF-8 -Dsun.stdout.encoding=UTF-8 -Dsun.stderr.encoding=UTF-8 
java_command: com.example.jobportal.JobportalApplication
java_class_path (initial): C:\Users\User\IdeaProjects\Jobportal\target\classes;C:\Users\User\.m2\repository\org\springframework\boot\spring-boot-starter-web\3.5.3\spring-boot-starter-web-3.5.3.jar;C:\Users\User\.m2\repository\org\springframework\boot\spring-boot-starter\3.5.3\spring-boot-starter-3.5.3.jar;C:\Users\User\.m2\repository\org\springframework\boot\spring-boot\3.5.3\spring-boot-3.5.3.jar;C:\Users\User\.m2\repository\org\springframework\boot\spring-boot-autoconfigure\3.5.3\spring-boot-autoconfigure-3.5.3.jar;C:\Users\User\.m2\repository\org\springframework\boot\spring-boot-starter-logging\3.5.3\spring-boot-starter-logging-3.5.3.jar;C:\Users\User\.m2\repository\ch\qos\logback\logback-classic\1.5.18\logback-classic-1.5.18.jar;C:\Users\User\.m2\repository\ch\qos\logback\logback-core\1.5.18\logback-core-1.5.18.jar;C:\Users\User\.m2\repository\org\apache\logging\log4j\log4j-to-slf4j\2.24.3\log4j-to-slf4j-2.24.3.jar;C:\Users\User\.m2\repository\org\apache\logging\log4j\log4j-api\2.24.3\log4j-api-2.24.3.jar;C:\Users\User\.m2\repository\org\slf4j\jul-to-slf4j\2.0.17\jul-to-slf4j-2.0.17.jar;C:\Users\User\.m2\repository\jakarta\annotation\jakarta.annotation-api\2.1.1\jakarta.annotation-api-2.1.1.jar;C:\Users\User\.m2\repository\org\yaml\snakeyaml\2.4\snakeyaml-2.4.jar;C:\Users\User\.m2\repository\org\springframework\boot\spring-boot-starter-json\3.5.3\spring-boot-starter-json-3.5.3.jar;C:\Users\User\.m2\repository\com\fasterxml\jackson\core\jackson-databind\2.19.1\jackson-databind-2.19.1.jar;C:\Users\User\.m2\repository\com\fasterxml\jackson\core\jackson-annotations\2.19.1\jackson-annotations-2.19.1.jar;C:\Users\User\.m2\repository\com\fasterxml\jackson\core\jackson-core\2.19.1\jackson-core-2.19.1.jar;C:\Users\User\.m2\repository\com\fasterxml\jackson\datatype\jackson-datatype-jdk8\2.19.1\jackson-datatype-jdk8-2.19.1.jar;C:\Users\User\.m2\repository\com\fasterxml\jackson\datatype\jackson-datatype-jsr310\2.19.1\jackson-datatype-jsr310-2.19.1.jar;C:\Users\User\.m2\repository\com\fasterxml\jackson\module\jackson-module-parameter-names\2.19.1\jackson-module-parameter-names-2.19.1.jar;C:\Users\User\.m2\repository\org\springframework\boot\spring-boot-starter-tomcat\3.5.3\spring-boot-starter-tomcat-3.5.3.jar;C:\Users\User\.m2\repository\org\apache\tomcat\embed\tomcat-embed-core\10.1.42\tomcat-embed-core-10.1.42.jar;C:\Users\User\.m2\repository\org\apache\tomcat\embed\tomcat-embed-el\10.1.42\tomcat-embed-el-10.1.42.jar;C:\Users\User\.m2\repository\org\apache\tomcat\embed\tomcat-embed-websocket\10.1.42\tomcat-embed-websocket-10.1.42.jar;C:\Users\User\.m2\repository\org\springframework\spring-web\6.2.8\spring-web-6.2.8.jar;C:\Users\User\.m2\repository\org\springframework\spring-beans\6.2.8\spring-beans-6.2.8.jar;C:\Users\User\.m2\repository\io\micrometer\micrometer-observation\1.15.1\micrometer-observation-1.15.1.jar;C:\Users\User\.m2\repository\io\micrometer\micrometer-commons\1.15.1\micrometer-commons-1.15.1.jar;C:\Users\User\.m2\repository\org\springframework\spring-webmvc\6.2.8\spring-webmvc-6.2.8.jar;C:\Users\User\.m2\repository\org\springframework\spring-aop\6.2.8\spring-aop-6.2.8.jar;C:\Users\User\.m2\repository\org\springframework\spring-context\6.2.8\spring-context-6.2.8.jar;C:\Users\User\.m2\repository\org\springframework\spring-expression\6.2.8\spring-expression-6.2.8.jar;C:\Users\User\.m2\repository\org\slf4j\slf4j-api\2.0.17\slf4j-api-2.0.17.jar;C:\Users\User\.m2\repository\jakarta\xml\bind\jakarta.xml.bind-api\4.0.2\jakarta.xml.bind-api-4.0.2.jar;C:\Users\User\.m2\repository\jakarta\activation\jakarta.activation-api\2.1.3\jakarta.activation-api-2.1.3.jar;C:\Users\User\.m2\repository\net\bytebuddy\byte-buddy\1.17.6\byte-buddy-1.17.6.jar;C:\Users\User\.m2\repository\org\springframework\spring-core\6.2.8\spring-core-6.2.8.jar;C:\Users\User\.m2\repository\org\springframework\spring-jcl\6.2.8\spring-jcl-6.2.8.jar;C:\Users\User\.m2\repository\org\springframework\boot\spring-boot-starter-data-jpa\3.5.3\spring-boot-starter-data-jpa-3.5.3.jar;C:\Users\User\.m2\repository\org\springframework\boot\spring-boot-starter-jdbc\3.5.3\spring-boot-starter-jdbc-3.5.3.jar;C:\Users\User\.m2\repository\com\zaxxer\HikariCP\6.3.0\HikariCP-6.3.0.jar;C:\Users\User\.m2\repository\org\springframework\spring-jdbc\6.2.8\spring-jdbc-6.2.8.jar;C:\Users\User\.m2\repository\org\hibernate\orm\hibernate-core\6.6.18.Final\hibernate-core-6.6.18.Final.jar;C:\Users\User\.m2\repository\jakarta\persistence\jakarta.persistence-api\3.1.0\jakarta.persistence-api-3.1.0.jar;C:\Users\User\.m2\repository\jakarta\transaction\jakarta.transaction-api\2.0.1\jakarta.transaction-api-2.0.1.jar;C:\Users\User\.m2\repository\org\jboss\logging\jboss-logging\3.6.1.Final\jboss-logging-3.6.1.Final.jar;C:\Users\User\.m2\repository\org\hibernate\common\hibernate-commons-annotations\7.0.3.Final\hibernate-commons-annotations-7.0.3.Final.jar;C:\Users\User\.m2\repository\io\smallrye\jandex\3.2.0\jandex-3.2.0.jar;C:\Users\User\.m2\repository\com\fasterxml\classmate\1.7.0\classmate-1.7.0.jar;C:\Users\User\.m2\repository\org\glassfish\jaxb\jaxb-runtime\4.0.5\jaxb-runtime-4.0.5.jar;C:\Users\User\.m2\repository\org\glassfish\jaxb\jaxb-core\4.0.5\jaxb-core-4.0.5.jar;C:\Users\User\.m2\repository\org\eclipse\angus\angus-activation\2.0.2\angus-activation-2.0.2.jar;C:\Users\User\.m2\repository\org\glassfish\jaxb\txw2\4.0.5\txw2-4.0.5.jar;C:\Users\User\.m2\repository\com\sun\istack\istack-commons-runtime\4.1.2\istack-commons-runtime-4.1.2.jar;C:\Users\User\.m2\repository\jakarta\inject\jakarta.inject-api\2.0.1\jakarta.inject-api-2.0.1.jar;C:\Users\User\.m2\repository\org\antlr\antlr4-runtime\4.13.0\antlr4-runtime-4.13.0.jar;C:\Users\User\.m2\repository\org\springframework\data\spring-data-jpa\3.5.1\spring-data-jpa-3.5.1.jar;C:\Users\User\.m2\repository\org\springframework\data\spring-data-commons\3.5.1\spring-data-commons-3.5.1.jar;C:\Users\User\.m2\repository\org\springframework\spring-orm\6.2.8\spring-orm-6.2.8.jar;C:\Users\User\.m2\repository\org\springframework\spring-tx\6.2.8\spring-tx-6.2.8.jar;C:\Users\User\.m2\repository\org\springframework\spring-aspects\6.2.8\spring-aspects-6.2.8.jar;C:\Users\User\.m2\repository\org\aspectj\aspectjweaver\1.9.24\aspectjweaver-1.9.24.jar;C:\Users\User\.m2\repository\com\h2database\h2\2.3.232\h2-2.3.232.jar
Launcher Type: SUN_STANDARD

[Global flags]
     intx CICompilerCount                          = 3                                         {product} {ergonomic}
     uint ConcGCThreads                            = 1                                         {product} {ergonomic}
     bool FlightRecorder                           = true                                      {product} {management}
     uint G1ConcRefinementThreads                  = 4                                         {product} {ergonomic}
   size_t G1HeapRegionSize                         = 2097152                                   {product} {ergonomic}
   size_t InitialHeapSize                          = 201326592                                 {product} {ergonomic}
     bool ManagementServer                         = true                                      {product} {command line}
   size_t MarkStackSize                            = 4194304                                   {product} {ergonomic}
   size_t MarkStackSizeMax                         = 536870912                                 {product} {ergonomic}
   size_t MaxHeapSize                              = 3189768192                                {product} {ergonomic}
   size_t MaxNewSize                               = 1912602624                                {product} {ergonomic}
   size_t MinHeapDeltaBytes                        = 2097152                                   {product} {ergonomic}
   size_t MinHeapSize                              = 8388608                                   {product} {ergonomic}
    uintx NonNMethodCodeHeapSize                   = 4096                                   {pd product} {ergonomic}
    uintx NonProfiledCodeHeapSize                  = 0                                      {pd product} {ergonomic}
     bool ProfileInterpreter                       = false                                  {pd product} {command line}
    uintx ProfiledCodeHeapSize                     = 0                                      {pd product} {ergonomic}
   size_t SoftMaxHeapSize                          = 3189768192                             {manageable} {ergonomic}
     intx TieredStopAtLevel                        = 1                                         {product} {command line}
     bool UseCompressedOops                        = true                           {product lp64_product} {ergonomic}
     bool UseG1GC                                  = true                                      {product} {ergonomic}
     bool UseLargePagesIndividualAllocation        = false                                  {pd product} {ergonomic}

Logging:
Log output configuration:
 #0: stdout all=warning uptime,level,tags foldmultilines=false
 #1: stderr all=off uptime,level,tags foldmultilines=false

Environment Variables:
PATH=C:\Program Files\Common Files\Oracle\Java\javapath;C:\Program Files (x86)\Common Files\Oracle\Java\java8path;C:\Program Files (x86)\Common Files\Oracle\Java\javapath;C:\Windows\system32;C:\Windows;C:\Windows\System32\Wbem;C:\Windows\System32\WindowsPowerShell\v1.0\;C:\Windows\System32\OpenSSH\;C:\Program Files\Docker\Docker\resources\bin;C:\Program Files\Java\jdk-24\bin;C:\Program Files\Apache Software Foundation\Tomcat 9.0\bin;C:\Program Files\Java\jre1.8.0_451;C:\Users\User\Documents\kubectl;C:\minikube;C:\Users\User\Documents\minikube;C:\Program Files\Git\cmd;C:\Users\User\AppData\Local\Microsoft\WindowsApps;C:\Program Files\JetBrains\IntelliJ IDEA 2025.1.2\bin;;C:\Users\User\AppData\Local\Programs\Microsoft VS Code\bin;C:\Program Files\Java\jdk-24\bin;%JAVA_HOME%\bin;
USERNAME=User
OS=Windows_NT
PROCESSOR_IDENTIFIER=Intel64 Family 6 Model 142 Stepping 12, GenuineIntel
TMP=C:\Users\User\AppData\Local\Temp
TEMP=C:\Users\User\AppData\Local\Temp




Periodic native trim disabled

---------------  S Y S T E M  ---------------

OS:
 Windows 11 , 64 bit Build 22621 (10.0.22621.5415)
OS uptime: 1 days 5:30 hours
Hyper-V role detected

CPU: total 4 (initial active 4) (2 cores per cpu, 2 threads per core) family 6 model 142 stepping 12 microcode 0xf8, cx8, cmov, fxsr, ht, mmx, 3dnowpref, sse, sse2, sse3, ssse3, sse4.1, sse4.2, popcnt, lzcnt, tsc, tscinvbit, avx, avx2, aes, erms, clmul, bmi1, bmi2, adx, fma, vzeroupper, clflush, clflushopt, hv, rdtscp, f16c
Processor Information for processor 0
  Max Mhz: 2304, Current Mhz: 2103, Mhz Limit: 2096
Processor Information for processor 1
  Max Mhz: 2304, Current Mhz: 2103, Mhz Limit: 2096
Processor Information for processor 2
  Max Mhz: 2304, Current Mhz: 1502, Mhz Limit: 2096
Processor Information for processor 3
  Max Mhz: 2304, Current Mhz: 1502, Mhz Limit: 2096

Memory: 4k page, system-wide physical 12161M (4069M free)
TotalPageFile size 19073M (AvailPageFile size 8567M)
current process WorkingSet (physical memory assigned to process): 211M, peak: 211M
current process commit charge ("private bytes"): 267M, peak: 308M

vm_info: Java HotSpot(TM) 64-Bit Server VM (24.0.1+9-30) for windows-amd64 JRE (24.0.1+9-30), built on 2025-03-05T07:23:45Z with MS VC++ 17.6 (VS2022)

END.
